<?xml version="1.0" encoding="UTF-8"?>
<testng-results ignored="0" total="1" passed="1" failed="0" skipped="0">
  <reporter-output>
  </reporter-output>
  <suite started-at="2024-10-03T18:24:18 IST" name="Default suite" finished-at="2024-10-03T18:24:36 IST" duration-ms="17737">
    <groups>
    </groups>
    <test started-at="2024-10-03T18:24:18 IST" name="Default test" finished-at="2024-10-03T18:24:36 IST" duration-ms="17737">
      <class name="org.test.selenium.TestFramework.Tendable">
        <test-method is-config="true" signature="beforeTest()[pri:0, instance:org.test.selenium.TestFramework.Tendable@52102734]" started-at="2024-10-03T18:24:18 IST" name="beforeTest" finished-at="2024-10-03T18:24:23 IST" duration-ms="5572" status="PASS">
          <reporter-output>
          </reporter-output>
        </test-method> <!-- beforeTest -->
        <test-method signature="verifyContactUsPage()[pri:0, instance:org.test.selenium.TestFramework.Tendable@52102734]" started-at="2024-10-03T18:24:24 IST" name="verifyContactUsPage" finished-at="2024-10-03T18:24:36 IST" duration-ms="11967" status="PASS">
          <reporter-output>
          </reporter-output>
        </test-method> <!-- verifyContactUsPage -->
        <test-method is-config="true" signature="afterTest()[pri:0, instance:org.test.selenium.TestFramework.Tendable@52102734]" started-at="2024-10-03T18:24:36 IST" name="afterTest" finished-at="2024-10-03T18:24:36 IST" duration-ms="148" status="PASS">
          <reporter-output>
          </reporter-output>
        </test-method> <!-- afterTest -->
      </class> <!-- org.test.selenium.TestFramework.Tendable -->
    </test> <!-- Default test -->
  </suite> <!-- Default suite -->
</testng-results>
